a	共出现：6次。
b	共出现：5次。
c	共出现：5次。
d	共出现：4次。
e	共出现：4次。
f	共出现：4次。
g	共出现：3次。
h	共出现：3次。
i	共出现：3次。
j	共出现：3次。
k	共出现：3次。
l	共出现：3次。
m	共出现：3次。
n	共出现：2次。
o	共出现：2次。
p	共出现：2次。
q	共出现：2次。
r	共出现：2次。
s	共出现：2次。
t	共出现：2次。
u	共出现：2次。
v	共出现：2次。
w	共出现：2次。
x	共出现：2次。
y	共出现：2次。
z	共出现：2次。
A	共出现：6次。
B	共出现：5次。
C	共出现：5次。
D	共出现：4次。
E	共出现：4次。
F	共出现：4次。
G	共出现：3次。
H	共出现：3次。
I	共出现：3次。
J	共出现：3次。
K	共出现：3次。
L	共出现：3次。
M	共出现：3次。
N	共出现：2次。
O	共出现：2次。
P	共出现：2次。
Q	共出现：2次。
R	共出现：2次。
S	共出现：2次。
T	共出现：2次。
U	共出现：2次。
V	共出现：2次。
W	共出现：2次。
X	共出现：2次。
Y	共出现：2次。
Z	共出现：2次。
XY	共出现：0次。
abc	共出现：0次。
